<?xml version="1.0" encoding="UTF-8"?>
<!-- Generated by org.testng.reporters.JUnitXMLReporter -->
<testsuite ignored="0" hostname="Sinazo1" failures="0" tests="4" name="Inventory Tests" time="42.267" errors="0" timestamp="2025-06-11T14:20:57 SAST">
  <testcase classname="com.owethupeyane.tests.InventoryTests" name="testAddToCart" time="0.525"/>
  <testcase classname="com.owethupeyane.tests.InventoryTests" name="verifyProductCount" time="0.477"/>
  <testcase classname="com.owethupeyane.tests.InventoryTests" name="verifyProductCount" time="0.299"/>
  <testcase classname="com.owethupeyane.tests.InventoryTests" name="verifyProductCount" time="7.289"/>
</testsuite> <!-- Inventory Tests -->
