<?xml version="1.0" encoding="UTF-8"?>
<!-- Generated by org.testng.reporters.JUnitXMLReporter -->
<testsuite ignored="0" hostname="Sinazo1" failures="0" tests="6" name="Inventory Tests" time="60.377" errors="0" timestamp="2025-06-12T13:18:52 SAST">
  <testcase classname="com.owethupeyane.tests.InventoryTests" name="testProductCount" time="0.4"/>
  <testcase classname="com.owethupeyane.tests.InventoryTests" name="testAddFirstItemToCart" time="11.044"/>
  <testcase classname="com.owethupeyane.tests.InventoryTests" name="testAddItemByName" time="11.015"/>
  <testcase classname="com.owethupeyane.tests.InventoryTests" name="testAddMultipleItems" time="12.853"/>
  <testcase classname="com.owethupeyane.tests.InventoryTests" name="testCartBadgeUpdates" time="11.237"/>
  <testcase classname="com.owethupeyane.tests.InventoryTests" name="testCartNavigation" time="0.553"/>
</testsuite> <!-- Inventory Tests -->
