<?xml version="1.0" encoding="UTF-8"?>
<!-- Generated by org.testng.reporters.JUnitXMLReporter -->
<testsuite ignored="0" hostname="Sinazo1" failures="0" tests="6" name="Login Tests" time="57.954" errors="0" timestamp="2025-06-11T14:20:14 SAST">
  <testcase classname="com.owethupeyane.tests.InventoryTests" name="testAddToCart" time="1.28"/>
  <testcase classname="com.owethupeyane.tests.InventoryTests" name="verifyProductCount" time="0.44"/>
  <testcase classname="com.owethupeyane.tests.InventoryTests" name="verifyProductCount" time="0.831"/>
  <testcase classname="com.owethupeyane.tests.InventoryTests" name="verifyProductCount" time="5.474"/>
  <testcase classname="com.owethupeyane.tests.LoginTests" name="lockedOutUser" time="2.611"/>
  <testcase classname="com.owethupeyane.tests.LoginTests" name="successfulLogin" time="0.402"/>
</testsuite> <!-- Login Tests -->
