<?xml version="1.0" encoding="UTF-8"?>
<testng-results ignored="0" total="14" passed="14" failed="0" skipped="0">
  <reporter-output>
  </reporter-output>
  <suite started-at="2025-07-01T14:30:02 SAST" name="SauceDemo Test Suite" finished-at="2025-07-01T14:32:15 SAST" duration-ms="133168">
    <groups>
    </groups>
    <test started-at="2025-07-01T14:30:02 SAST" name="Login Tests" finished-at="2025-07-01T14:31:13 SAST" duration-ms="71787">
      <class name="com.owethupeyane.tests.LoginTests">
        <test-method is-config="true" signature="setUp()[pri:0, instance:com.owethupeyane.tests.LoginTests@54bca971]" started-at="2025-07-01T14:31:08 SAST" name="setUp" finished-at="2025-07-01T14:31:10 SAST" duration-ms="2260" status="PASS">
          <reporter-output>
          </reporter-output>
        </test-method> <!-- setUp -->
        <test-method signature="lockedOutUser()[pri:0, instance:com.owethupeyane.tests.LoginTests@54bca971]" started-at="2025-07-01T14:31:10 SAST" name="lockedOutUser" finished-at="2025-07-01T14:31:10 SAST" duration-ms="373" status="PASS">
          <reporter-output>
          </reporter-output>
        </test-method> <!-- lockedOutUser -->
        <test-method is-config="true" signature="tearDown(org.testng.ITestResult)[pri:0, instance:com.owethupeyane.tests.LoginTests@54bca971]" started-at="2025-07-01T14:31:10 SAST" name="tearDown" finished-at="2025-07-01T14:31:11 SAST" duration-ms="190" status="PASS">
          <params>
            <param index="0">
              <value>
                <![CDATA[[TestResult name=lockedOutUser status=SUCCESS method=LoginTests.lockedOutUser()[pri:0, instance:com.owethupeyane.tests.LoginTests@54bca971] output={null}]]]>
              </value>
            </param>
          </params>
          <reporter-output>
          </reporter-output>
        </test-method> <!-- tearDown -->
        <test-method is-config="true" signature="setUp()[pri:0, instance:com.owethupeyane.tests.LoginTests@54bca971]" started-at="2025-07-01T14:31:11 SAST" name="setUp" finished-at="2025-07-01T14:31:12 SAST" duration-ms="1451" status="PASS">
          <reporter-output>
          </reporter-output>
        </test-method> <!-- setUp -->
        <test-method signature="successfulLogin()[pri:0, instance:com.owethupeyane.tests.LoginTests@54bca971]" started-at="2025-07-01T14:31:12 SAST" name="successfulLogin" finished-at="2025-07-01T14:31:13 SAST" duration-ms="1100" status="PASS">
          <reporter-output>
          </reporter-output>
        </test-method> <!-- successfulLogin -->
        <test-method is-config="true" signature="tearDown(org.testng.ITestResult)[pri:0, instance:com.owethupeyane.tests.LoginTests@54bca971]" started-at="2025-07-01T14:31:13 SAST" name="tearDown" finished-at="2025-07-01T14:31:13 SAST" duration-ms="221" status="PASS">
          <params>
            <param index="0">
              <value>
                <![CDATA[[TestResult name=successfulLogin status=SUCCESS method=LoginTests.successfulLogin()[pri:0, instance:com.owethupeyane.tests.LoginTests@54bca971] output={null}]]]>
              </value>
            </param>
          </params>
          <reporter-output>
          </reporter-output>
        </test-method> <!-- tearDown -->
      </class> <!-- com.owethupeyane.tests.LoginTests -->
      <class name="com.owethupeyane.tests.InventoryTests">
        <test-method is-config="true" signature="setUp()[pri:0, instance:com.owethupeyane.tests.InventoryTests@39ad12b6]" started-at="2025-07-01T14:30:02 SAST" name="setUp" finished-at="2025-07-01T14:30:07 SAST" duration-ms="5463" status="PASS">
          <reporter-output>
          </reporter-output>
        </test-method> <!-- setUp -->
        <test-method signature="testProductCount()[pri:1, instance:com.owethupeyane.tests.InventoryTests@39ad12b6]" started-at="2025-07-01T14:30:07 SAST" name="testProductCount" finished-at="2025-07-01T14:30:08 SAST" duration-ms="691" status="PASS">
          <reporter-output>
          </reporter-output>
        </test-method> <!-- testProductCount -->
        <test-method is-config="true" signature="tearDown(org.testng.ITestResult)[pri:0, instance:com.owethupeyane.tests.InventoryTests@39ad12b6]" started-at="2025-07-01T14:30:08 SAST" name="tearDown" finished-at="2025-07-01T14:30:09 SAST" duration-ms="433" status="PASS">
          <params>
            <param index="0">
              <value>
                <![CDATA[[TestResult name=testProductCount status=SUCCESS method=InventoryTests.testProductCount()[pri:1, instance:com.owethupeyane.tests.InventoryTests@39ad12b6] output={null}]]]>
              </value>
            </param>
          </params>
          <reporter-output>
          </reporter-output>
        </test-method> <!-- tearDown -->
        <test-method is-config="true" signature="setUp()[pri:0, instance:com.owethupeyane.tests.InventoryTests@39ad12b6]" started-at="2025-07-01T14:30:09 SAST" name="setUp" finished-at="2025-07-01T14:30:11 SAST" duration-ms="2477" status="PASS">
          <reporter-output>
          </reporter-output>
        </test-method> <!-- setUp -->
        <test-method signature="testAddFirstItemToCart()[pri:2, instance:com.owethupeyane.tests.InventoryTests@39ad12b6]" started-at="2025-07-01T14:30:11 SAST" name="testAddFirstItemToCart" finished-at="2025-07-01T14:30:22 SAST" duration-ms="11205" status="PASS">
          <reporter-output>
          </reporter-output>
        </test-method> <!-- testAddFirstItemToCart -->
        <test-method is-config="true" signature="tearDown(org.testng.ITestResult)[pri:0, instance:com.owethupeyane.tests.InventoryTests@39ad12b6]" started-at="2025-07-01T14:30:22 SAST" name="tearDown" finished-at="2025-07-01T14:30:22 SAST" duration-ms="247" status="PASS">
          <params>
            <param index="0">
              <value>
                <![CDATA[[TestResult name=testAddFirstItemToCart status=SUCCESS method=InventoryTests.testAddFirstItemToCart()[pri:2, instance:com.owethupeyane.tests.InventoryTests@39ad12b6] output={null}]]]>
              </value>
            </param>
          </params>
          <reporter-output>
          </reporter-output>
        </test-method> <!-- tearDown -->
        <test-method is-config="true" signature="setUp()[pri:0, instance:com.owethupeyane.tests.InventoryTests@39ad12b6]" started-at="2025-07-01T14:30:22 SAST" name="setUp" finished-at="2025-07-01T14:30:25 SAST" duration-ms="2199" status="PASS">
          <reporter-output>
          </reporter-output>
        </test-method> <!-- setUp -->
        <test-method signature="testAddItemByName()[pri:3, instance:com.owethupeyane.tests.InventoryTests@39ad12b6]" started-at="2025-07-01T14:30:25 SAST" name="testAddItemByName" finished-at="2025-07-01T14:30:36 SAST" duration-ms="11099" status="PASS">
          <reporter-output>
          </reporter-output>
        </test-method> <!-- testAddItemByName -->
        <test-method is-config="true" signature="tearDown(org.testng.ITestResult)[pri:0, instance:com.owethupeyane.tests.InventoryTests@39ad12b6]" started-at="2025-07-01T14:30:36 SAST" name="tearDown" finished-at="2025-07-01T14:30:36 SAST" duration-ms="208" status="PASS">
          <params>
            <param index="0">
              <value>
                <![CDATA[[TestResult name=testAddItemByName status=SUCCESS method=InventoryTests.testAddItemByName()[pri:3, instance:com.owethupeyane.tests.InventoryTests@39ad12b6] output={null}]]]>
              </value>
            </param>
          </params>
          <reporter-output>
          </reporter-output>
        </test-method> <!-- tearDown -->
        <test-method is-config="true" signature="setUp()[pri:0, instance:com.owethupeyane.tests.InventoryTests@39ad12b6]" started-at="2025-07-01T14:30:36 SAST" name="setUp" finished-at="2025-07-01T14:30:38 SAST" duration-ms="1974" status="PASS">
          <reporter-output>
          </reporter-output>
        </test-method> <!-- setUp -->
        <test-method signature="testAddMultipleItems()[pri:4, instance:com.owethupeyane.tests.InventoryTests@39ad12b6]" started-at="2025-07-01T14:30:38 SAST" name="testAddMultipleItems" finished-at="2025-07-01T14:30:51 SAST" duration-ms="12917" status="PASS">
          <reporter-output>
          </reporter-output>
        </test-method> <!-- testAddMultipleItems -->
        <test-method is-config="true" signature="tearDown(org.testng.ITestResult)[pri:0, instance:com.owethupeyane.tests.InventoryTests@39ad12b6]" started-at="2025-07-01T14:30:51 SAST" name="tearDown" finished-at="2025-07-01T14:30:51 SAST" duration-ms="367" status="PASS">
          <params>
            <param index="0">
              <value>
                <![CDATA[[TestResult name=testAddMultipleItems status=SUCCESS method=InventoryTests.testAddMultipleItems()[pri:4, instance:com.owethupeyane.tests.InventoryTests@39ad12b6] output={null}]]]>
              </value>
            </param>
          </params>
          <reporter-output>
          </reporter-output>
        </test-method> <!-- tearDown -->
        <test-method is-config="true" signature="setUp()[pri:0, instance:com.owethupeyane.tests.InventoryTests@39ad12b6]" started-at="2025-07-01T14:30:51 SAST" name="setUp" finished-at="2025-07-01T14:30:53 SAST" duration-ms="2093" status="PASS">
          <reporter-output>
          </reporter-output>
        </test-method> <!-- setUp -->
        <test-method signature="testCartBadgeUpdates()[pri:5, instance:com.owethupeyane.tests.InventoryTests@39ad12b6]" started-at="2025-07-01T14:30:53 SAST" name="testCartBadgeUpdates" finished-at="2025-07-01T14:31:05 SAST" duration-ms="11284" status="PASS">
          <reporter-output>
          </reporter-output>
        </test-method> <!-- testCartBadgeUpdates -->
        <test-method is-config="true" signature="tearDown(org.testng.ITestResult)[pri:0, instance:com.owethupeyane.tests.InventoryTests@39ad12b6]" started-at="2025-07-01T14:31:05 SAST" name="tearDown" finished-at="2025-07-01T14:31:05 SAST" duration-ms="211" status="PASS">
          <params>
            <param index="0">
              <value>
                <![CDATA[[TestResult name=testCartBadgeUpdates status=SUCCESS method=InventoryTests.testCartBadgeUpdates()[pri:5, instance:com.owethupeyane.tests.InventoryTests@39ad12b6] output={null}]]]>
              </value>
            </param>
          </params>
          <reporter-output>
          </reporter-output>
        </test-method> <!-- tearDown -->
        <test-method is-config="true" signature="setUp()[pri:0, instance:com.owethupeyane.tests.InventoryTests@39ad12b6]" started-at="2025-07-01T14:31:05 SAST" name="setUp" finished-at="2025-07-01T14:31:07 SAST" duration-ms="2123" status="PASS">
          <reporter-output>
          </reporter-output>
        </test-method> <!-- setUp -->
        <test-method signature="testCartNavigation()[pri:6, instance:com.owethupeyane.tests.InventoryTests@39ad12b6]" started-at="2025-07-01T14:31:07 SAST" name="testCartNavigation" finished-at="2025-07-01T14:31:08 SAST" duration-ms="599" status="PASS">
          <reporter-output>
          </reporter-output>
        </test-method> <!-- testCartNavigation -->
        <test-method is-config="true" signature="tearDown(org.testng.ITestResult)[pri:0, instance:com.owethupeyane.tests.InventoryTests@39ad12b6]" started-at="2025-07-01T14:31:08 SAST" name="tearDown" finished-at="2025-07-01T14:31:08 SAST" duration-ms="196" status="PASS">
          <params>
            <param index="0">
              <value>
                <![CDATA[[TestResult name=testCartNavigation status=SUCCESS method=InventoryTests.testCartNavigation()[pri:6, instance:com.owethupeyane.tests.InventoryTests@39ad12b6] output={null}]]]>
              </value>
            </param>
          </params>
          <reporter-output>
          </reporter-output>
        </test-method> <!-- tearDown -->
      </class> <!-- com.owethupeyane.tests.InventoryTests -->
    </test> <!-- Login Tests -->
    <test started-at="2025-07-01T14:31:13 SAST" name="Inventory Tests" finished-at="2025-07-01T14:32:15 SAST" duration-ms="61350">
      <class name="com.owethupeyane.tests.InventoryTests">
        <test-method is-config="true" signature="setUp()[pri:0, instance:com.owethupeyane.tests.InventoryTests@54657dd2]" started-at="2025-07-01T14:31:13 SAST" name="setUp" finished-at="2025-07-01T14:31:16 SAST" duration-ms="2297" status="PASS">
          <reporter-output>
          </reporter-output>
        </test-method> <!-- setUp -->
        <test-method signature="testProductCount()[pri:1, instance:com.owethupeyane.tests.InventoryTests@54657dd2]" started-at="2025-07-01T14:31:16 SAST" name="testProductCount" finished-at="2025-07-01T14:31:16 SAST" duration-ms="461" status="PASS">
          <reporter-output>
          </reporter-output>
        </test-method> <!-- testProductCount -->
        <test-method is-config="true" signature="tearDown(org.testng.ITestResult)[pri:0, instance:com.owethupeyane.tests.InventoryTests@54657dd2]" started-at="2025-07-01T14:31:16 SAST" name="tearDown" finished-at="2025-07-01T14:31:16 SAST" duration-ms="251" status="PASS">
          <params>
            <param index="0">
              <value>
                <![CDATA[[TestResult name=testProductCount status=SUCCESS method=InventoryTests.testProductCount()[pri:1, instance:com.owethupeyane.tests.InventoryTests@54657dd2] output={null}]]]>
              </value>
            </param>
          </params>
          <reporter-output>
          </reporter-output>
        </test-method> <!-- tearDown -->
        <test-method is-config="true" signature="setUp()[pri:0, instance:com.owethupeyane.tests.InventoryTests@54657dd2]" started-at="2025-07-01T14:31:16 SAST" name="setUp" finished-at="2025-07-01T14:31:18 SAST" duration-ms="1873" status="PASS">
          <reporter-output>
          </reporter-output>
        </test-method> <!-- setUp -->
        <test-method signature="testAddFirstItemToCart()[pri:2, instance:com.owethupeyane.tests.InventoryTests@54657dd2]" started-at="2025-07-01T14:31:18 SAST" name="testAddFirstItemToCart" finished-at="2025-07-01T14:31:29 SAST" duration-ms="11167" status="PASS">
          <reporter-output>
          </reporter-output>
        </test-method> <!-- testAddFirstItemToCart -->
        <test-method is-config="true" signature="tearDown(org.testng.ITestResult)[pri:0, instance:com.owethupeyane.tests.InventoryTests@54657dd2]" started-at="2025-07-01T14:31:30 SAST" name="tearDown" finished-at="2025-07-01T14:31:30 SAST" duration-ms="213" status="PASS">
          <params>
            <param index="0">
              <value>
                <![CDATA[[TestResult name=testAddFirstItemToCart status=SUCCESS method=InventoryTests.testAddFirstItemToCart()[pri:2, instance:com.owethupeyane.tests.InventoryTests@54657dd2] output={null}]]]>
              </value>
            </param>
          </params>
          <reporter-output>
          </reporter-output>
        </test-method> <!-- tearDown -->
        <test-method is-config="true" signature="setUp()[pri:0, instance:com.owethupeyane.tests.InventoryTests@54657dd2]" started-at="2025-07-01T14:31:30 SAST" name="setUp" finished-at="2025-07-01T14:31:32 SAST" duration-ms="1990" status="PASS">
          <reporter-output>
          </reporter-output>
        </test-method> <!-- setUp -->
        <test-method signature="testAddItemByName()[pri:3, instance:com.owethupeyane.tests.InventoryTests@54657dd2]" started-at="2025-07-01T14:31:32 SAST" name="testAddItemByName" finished-at="2025-07-01T14:31:43 SAST" duration-ms="11127" status="PASS">
          <reporter-output>
          </reporter-output>
        </test-method> <!-- testAddItemByName -->
        <test-method is-config="true" signature="tearDown(org.testng.ITestResult)[pri:0, instance:com.owethupeyane.tests.InventoryTests@54657dd2]" started-at="2025-07-01T14:31:43 SAST" name="tearDown" finished-at="2025-07-01T14:31:43 SAST" duration-ms="245" status="PASS">
          <params>
            <param index="0">
              <value>
                <![CDATA[[TestResult name=testAddItemByName status=SUCCESS method=InventoryTests.testAddItemByName()[pri:3, instance:com.owethupeyane.tests.InventoryTests@54657dd2] output={null}]]]>
              </value>
            </param>
          </params>
          <reporter-output>
          </reporter-output>
        </test-method> <!-- tearDown -->
        <test-method is-config="true" signature="setUp()[pri:0, instance:com.owethupeyane.tests.InventoryTests@54657dd2]" started-at="2025-07-01T14:31:43 SAST" name="setUp" finished-at="2025-07-01T14:31:45 SAST" duration-ms="2014" status="PASS">
          <reporter-output>
          </reporter-output>
        </test-method> <!-- setUp -->
        <test-method signature="testAddMultipleItems()[pri:4, instance:com.owethupeyane.tests.InventoryTests@54657dd2]" started-at="2025-07-01T14:31:45 SAST" name="testAddMultipleItems" finished-at="2025-07-01T14:31:58 SAST" duration-ms="12851" status="PASS">
          <reporter-output>
          </reporter-output>
        </test-method> <!-- testAddMultipleItems -->
        <test-method is-config="true" signature="tearDown(org.testng.ITestResult)[pri:0, instance:com.owethupeyane.tests.InventoryTests@54657dd2]" started-at="2025-07-01T14:31:58 SAST" name="tearDown" finished-at="2025-07-01T14:31:58 SAST" duration-ms="308" status="PASS">
          <params>
            <param index="0">
              <value>
                <![CDATA[[TestResult name=testAddMultipleItems status=SUCCESS method=InventoryTests.testAddMultipleItems()[pri:4, instance:com.owethupeyane.tests.InventoryTests@54657dd2] output={null}]]]>
              </value>
            </param>
          </params>
          <reporter-output>
          </reporter-output>
        </test-method> <!-- tearDown -->
        <test-method is-config="true" signature="setUp()[pri:0, instance:com.owethupeyane.tests.InventoryTests@54657dd2]" started-at="2025-07-01T14:31:58 SAST" name="setUp" finished-at="2025-07-01T14:32:00 SAST" duration-ms="1908" status="PASS">
          <reporter-output>
          </reporter-output>
        </test-method> <!-- setUp -->
        <test-method signature="testCartBadgeUpdates()[pri:5, instance:com.owethupeyane.tests.InventoryTests@54657dd2]" started-at="2025-07-01T14:32:00 SAST" name="testCartBadgeUpdates" finished-at="2025-07-01T14:32:12 SAST" duration-ms="11384" status="PASS">
          <reporter-output>
          </reporter-output>
        </test-method> <!-- testCartBadgeUpdates -->
        <test-method is-config="true" signature="tearDown(org.testng.ITestResult)[pri:0, instance:com.owethupeyane.tests.InventoryTests@54657dd2]" started-at="2025-07-01T14:32:12 SAST" name="tearDown" finished-at="2025-07-01T14:32:12 SAST" duration-ms="202" status="PASS">
          <params>
            <param index="0">
              <value>
                <![CDATA[[TestResult name=testCartBadgeUpdates status=SUCCESS method=InventoryTests.testCartBadgeUpdates()[pri:5, instance:com.owethupeyane.tests.InventoryTests@54657dd2] output={null}]]]>
              </value>
            </param>
          </params>
          <reporter-output>
          </reporter-output>
        </test-method> <!-- tearDown -->
        <test-method is-config="true" signature="setUp()[pri:0, instance:com.owethupeyane.tests.InventoryTests@54657dd2]" started-at="2025-07-01T14:32:12 SAST" name="setUp" finished-at="2025-07-01T14:32:14 SAST" duration-ms="2101" status="PASS">
          <reporter-output>
          </reporter-output>
        </test-method> <!-- setUp -->
        <test-method signature="testCartNavigation()[pri:6, instance:com.owethupeyane.tests.InventoryTests@54657dd2]" started-at="2025-07-01T14:32:14 SAST" name="testCartNavigation" finished-at="2025-07-01T14:32:15 SAST" duration-ms="646" status="PASS">
          <reporter-output>
          </reporter-output>
        </test-method> <!-- testCartNavigation -->
        <test-method is-config="true" signature="tearDown(org.testng.ITestResult)[pri:0, instance:com.owethupeyane.tests.InventoryTests@54657dd2]" started-at="2025-07-01T14:32:15 SAST" name="tearDown" finished-at="2025-07-01T14:32:15 SAST" duration-ms="229" status="PASS">
          <params>
            <param index="0">
              <value>
                <![CDATA[[TestResult name=testCartNavigation status=SUCCESS method=InventoryTests.testCartNavigation()[pri:6, instance:com.owethupeyane.tests.InventoryTests@54657dd2] output={null}]]]>
              </value>
            </param>
          </params>
          <reporter-output>
          </reporter-output>
        </test-method> <!-- tearDown -->
      </class> <!-- com.owethupeyane.tests.InventoryTests -->
    </test> <!-- Inventory Tests -->
  </suite> <!-- SauceDemo Test Suite -->
</testng-results>
